# JRE version: OpenJDK Runtime Environment (8.0_112-b06) (build 1.8.0_112-release-b06)
# Java VM: OpenJDK 64-Bit Server VM (25.112-b06 mixed mode windows-amd64 compressed oops)
Heap:
 PSYoungGen      total 160768K, used 30787K [0x00000000eab00000, 0x00000000f9300000, 0x0000000100000000)
  eden space 125440K, 0% used [0x00000000eab00000,0x00000000eab00000,0x00000000f2580000)
  from space 35328K, 87% used [0x00000000f2580000,0x00000000f4390c88,0x00000000f4800000)
  to   space 39424K, 0% used [0x00000000f6c80000,0x00000000f6c80000,0x00000000f9300000)
 ParOldGen       total 98816K, used 39373K [0x00000000c0000000, 0x00000000c6080000, 0x00000000eab00000)
  object space 98816K, 39% used [0x00000000c0000000,0x00000000c2673788,0x00000000c6080000)
 Metaspace       used 56902K, capacity 59142K, committed 59160K, reserved 1101824K
  class space    used 7368K, capacity 7792K, committed 7808K, reserved 1048576K
GC Heap History (10 events):
Event: 24.664 GC heap after
Heap after GC invocations=15 (full 2):
 PSYoungGen      total 120320K, used 15343K [0x00000000eab00000, 0x00000000f5480000, 0x0000000100000000)
  eden space 104960K, 0% used [0x00000000eab00000,0x00000000eab00000,0x00000000f1180000)
  from space 15360K, 99% used [0x00000000f1180000,0x00000000f207bff0,0x00000000f2080000)
  to   space 20480K, 0% used [0x00000000f4080000,0x00000000f4080000,0x00000000f5480000)
 ParOldGen       total 98816K, used 27170K [0x00000000c0000000, 0x00000000c6080000, 0x00000000eab00000)
  object space 98816K, 27% used [0x00000000c0000000,0x00000000c1a88aa8,0x00000000c6080000)
 Metaspace       used 51567K, capacity 53242K, committed 53376K, reserved 1095680K
  class space    used 6928K, capacity 7286K, committed 7296K, reserved 1048576K
}
Event: 1790.830 GC heap before
{Heap before GC invocations=16 (full 2):
 PSYoungGen      total 120320K, used 120303K [0x00000000eab00000, 0x00000000f5480000, 0x0000000100000000)
  eden space 104960K, 100% used [0x00000000eab00000,0x00000000f1180000,0x00000000f1180000)
  from space 15360K, 99% used [0x00000000f1180000,0x00000000f207bff0,0x00000000f2080000)
  to   space 20480K, 0% used [0x00000000f4080000,0x00000000f4080000,0x00000000f5480000)
 ParOldGen       total 98816K, used 27170K [0x00000000c0000000, 0x00000000c6080000, 0x00000000eab00000)
  object space 98816K, 27% used [0x00000000c0000000,0x00000000c1a88aa8,0x00000000c6080000)
 Metaspace       used 54269K, capacity 56180K, committed 56448K, reserved 1097728K
  class space    used 7171K, capacity 7529K, committed 7552K, reserved 1048576K
Event: 1790.939 GC heap after
Heap after GC invocations=16 (full 2):
 PSYoungGen      total 122368K, used 19899K [0x00000000eab00000, 0x00000000f5400000, 0x0000000100000000)
  eden space 102400K, 0% used [0x00000000eab00000,0x00000000eab00000,0x00000000f0f00000)
  from space 19968K, 99% used [0x00000000f4080000,0x00000000f53eec28,0x00000000f5400000)
  to   space 23040K, 0% used [0x00000000f2700000,0x00000000f2700000,0x00000000f3d80000)
 ParOldGen       total 98816K, used 27178K [0x00000000c0000000, 0x00000000c6080000, 0x00000000eab00000)
  object space 98816K, 27% used [0x00000000c0000000,0x00000000c1a8aaa8,0x00000000c6080000)
 Metaspace       used 54269K, capacity 56180K, committed 56448K, reserved 1097728K
  class space    used 7171K, capacity 7529K, committed 7552K, reserved 1048576K
}
Event: 1794.755 GC heap before
{Heap before GC invocations=17 (full 2):
 PSYoungGen      total 122368K, used 121449K [0x00000000eab00000, 0x00000000f5400000, 0x0000000100000000)
  eden space 102400K, 99% used [0x00000000eab00000,0x00000000f0e2b920,0x00000000f0f00000)
  from space 19968K, 99% used [0x00000000f4080000,0x00000000f53eec28,0x00000000f5400000)
  to   space 23040K, 0% used [0x00000000f2700000,0x00000000f2700000,0x00000000f3d80000)
 ParOldGen       total 98816K, used 27178K [0x00000000c0000000, 0x00000000c6080000, 0x00000000eab00000)
  object space 98816K, 27% used [0x00000000c0000000,0x00000000c1a8aaa8,0x00000000c6080000)
 Metaspace       used 55736K, capacity 57754K, committed 57856K, reserved 1099776K
  class space    used 7260K, capacity 7646K, committed 7680K, reserved 1048576K
Event: 1794.846 GC heap after
Heap after GC invocations=17 (full 2):
 PSYoungGen      total 150016K, used 23008K [0x00000000eab00000, 0x00000000f6600000, 0x0000000100000000)
  eden space 126976K, 0% used [0x00000000eab00000,0x00000000eab00000,0x00000000f2700000)
  from space 23040K, 99% used [0x00000000f2700000,0x00000000f3d78218,0x00000000f3d80000)
  to   space 30720K, 0% used [0x00000000f4800000,0x00000000f4800000,0x00000000f6600000)
 ParOldGen       total 98816K, used 39357K [0x00000000c0000000, 0x00000000c6080000, 0x00000000eab00000)
  object space 98816K, 39% used [0x00000000c0000000,0x00000000c266f788,0x00000000c6080000)
 Metaspace       used 55736K, capacity 57754K, committed 57856K, reserved 1099776K
  class space    used 7260K, capacity 7646K, committed 7680K, reserved 1048576K
}
Event: 1916.541 GC heap before
{Heap before GC invocations=18 (full 2):
 PSYoungGen      total 150016K, used 149984K [0x00000000eab00000, 0x00000000f6600000, 0x0000000100000000)
  eden space 126976K, 100% used [0x00000000eab00000,0x00000000f2700000,0x00000000f2700000)
  from space 23040K, 99% used [0x00000000f2700000,0x00000000f3d78218,0x00000000f3d80000)
  to   space 30720K, 0% used [0x00000000f4800000,0x00000000f4800000,0x00000000f6600000)
 ParOldGen       total 98816K, used 39357K [0x00000000c0000000, 0x00000000c6080000, 0x00000000eab00000)
  object space 98816K, 39% used [0x00000000c0000000,0x00000000c266f788,0x00000000c6080000)
 Metaspace       used 56706K, capacity 58878K, committed 59008K, reserved 1099776K
  class space    used 7345K, capacity 7754K, committed 7808K, reserved 1048576K
Event: 1916.597 GC heap after
Heap after GC invocations=18 (full 2):
 PSYoungGen      total 156160K, used 30554K [0x00000000eab00000, 0x00000000f8880000, 0x0000000100000000)
  eden space 125440K, 0% used [0x00000000eab00000,0x00000000eab00000,0x00000000f2580000)
  from space 30720K, 99% used [0x00000000f4800000,0x00000000f65d6838,0x00000000f6600000)
  to   space 35328K, 0% used [0x00000000f2580000,0x00000000f2580000,0x00000000f4800000)
 ParOldGen       total 98816K, used 39365K [0x00000000c0000000, 0x00000000c6080000, 0x00000000eab00000)
  object space 98816K, 39% used [0x00000000c0000000,0x00000000c2671788,0x00000000c6080000)
 Metaspace       used 56706K, capacity 58878K, committed 59008K, reserved 1099776K
  class space    used 7345K, capacity 7754K, committed 7808K, reserved 1048576K
}
Event: 1917.430 GC heap before
{Heap before GC invocations=19 (full 2):
 PSYoungGen      total 156160K, used 81461K [0x00000000eab00000, 0x00000000f8880000, 0x0000000100000000)
  eden space 125440K, 40% used [0x00000000eab00000,0x00000000edcb6e90,0x00000000f2580000)
  from space 30720K, 99% used [0x00000000f4800000,0x00000000f65d6838,0x00000000f6600000)
  to   space 35328K, 0% used [0x00000000f2580000,0x00000000f2580000,0x00000000f4800000)
 ParOldGen       total 98816K, used 39365K [0x00000000c0000000, 0x00000000c6080000, 0x00000000eab00000)
  object space 98816K, 39% used [0x00000000c0000000,0x00000000c2671788,0x00000000c6080000)
 Metaspace       used 56902K, capacity 59142K, committed 59160K, reserved 1101824K
  class space    used 7368K, capacity 7792K, committed 7808K, reserved 1048576K
Event: 1917.515 GC heap after
Heap after GC invocations=19 (full 2):
 PSYoungGen      total 160768K, used 30787K [0x00000000eab00000, 0x00000000f9300000, 0x0000000100000000)
  eden space 125440K, 0% used [0x00000000eab00000,0x00000000eab00000,0x00000000f2580000)
  from space 35328K, 87% used [0x00000000f2580000,0x00000000f4390c88,0x00000000f4800000)
  to   space 39424K, 0% used [0x00000000f6c80000,0x00000000f6c80000,0x00000000f9300000)
 ParOldGen       total 98816K, used 39373K [0x00000000c0000000, 0x00000000c6080000, 0x00000000eab00000)
  object space 98816K, 39% used [0x00000000c0000000,0x00000000c2673788,0x00000000c6080000)
 Metaspace       used 56902K, capacity 59142K, committed 59160K, reserved 1101824K
  class space    used 7368K, capacity 7792K, committed 7808K, reserved 1048576K
}
Event: 1917.515 GC heap before
{Heap before GC invocations=20 (full 3):
 PSYoungGen      total 160768K, used 30787K [0x00000000eab00000, 0x00000000f9300000, 0x0000000100000000)
  eden space 125440K, 0% used [0x00000000eab00000,0x00000000eab00000,0x00000000f2580000)
  from space 35328K, 87% used [0x00000000f2580000,0x00000000f4390c88,0x00000000f4800000)
  to   space 39424K, 0% used [0x00000000f6c80000,0x00000000f6c80000,0x00000000f9300000)
 ParOldGen       total 98816K, used 39373K [0x00000000c0000000, 0x00000000c6080000, 0x00000000eab00000)
  object space 98816K, 39% used [0x00000000c0000000,0x00000000c2673788,0x00000000c6080000)
 Metaspace       used 56902K, capacity 59142K, committed 59160K, reserved 1101824K
  class space    used 7368K, capacity 7792K, committed 7808K, reserved 1048576K

